<?xml version="1.0" encoding="UTF-8"?>
<!-- Generated by org.testng.reporters.JUnitXMLReporter -->
<testsuite hostname="DESKTOP-3R73L8V" ignored="0" name="Test" tests="4" failures="0" timestamp="15 Aug 2019 05:35:34 GMT" time="0.075" errors="0">
  <testcase name="test_login" time="0.013" classname="testCases.Test1"/>
  <testcase name="test_search" time="0.004" classname="testCases.Test2"/>
  <testcase name="test_logout" time="0.002" classname="testCases.Test1"/>
  <testcase name="test_advSearch" time="0.002" classname="testCases.Test2"/>
</testsuite> <!-- Test -->
