<?xml version="1.0" encoding="UTF-8"?>
<!-- Generated by org.testng.reporters.JUnitXMLReporter -->
<testsuite ignored="0" hostname="skalva-mn1.linkedin.biz" failures="0" tests="4" name="Test" time="0.01" errors="0" timestamp="13 Jun 2022 06:51:27 GMT">
  <testcase classname="testCases.Test1" name="test_login" time="0.003"/>
  <testcase classname="testCases.Test2" name="test_search" time="0.0"/>
  <testcase classname="testCases.Test1" name="test_logout" time="0.0"/>
  <testcase classname="testCases.Test2" name="test_advSearch" time="0.0"/>
</testsuite> <!-- Test -->
