<?xml version="1.0" encoding="UTF-8"?>
<testng-results skipped="0" failed="0" ignored="0" total="4" passed="4">
  <reporter-output>
  </reporter-output>
  <suite name="Suite" duration-ms="75" started-at="2019-08-15T05:35:34Z" finished-at="2019-08-15T05:35:34Z">
    <groups>
    </groups>
    <test name="Test" duration-ms="75" started-at="2019-08-15T05:35:34Z" finished-at="2019-08-15T05:35:34Z">
      <class name="testCases.Test2">
        <test-method status="PASS" signature="test_search()[pri:1, instance:testCases.Test2@6d8a00e3]" name="test_search" duration-ms="4" started-at="2019-08-15T05:35:34Z" finished-at="2019-08-15T05:35:34Z">
          <reporter-output>
          </reporter-output>
        </test-method> <!-- test_search -->
        <test-method status="PASS" signature="test_advSearch()[pri:2, instance:testCases.Test2@6d8a00e3]" name="test_advSearch" duration-ms="2" started-at="2019-08-15T05:35:34Z" finished-at="2019-08-15T05:35:34Z">
          <reporter-output>
          </reporter-output>
        </test-method> <!-- test_advSearch -->
      </class> <!-- testCases.Test2 -->
      <class name="testCases.Test1">
        <test-method status="PASS" signature="test_login()[pri:1, instance:testCases.Test1@5ae9a829]" name="test_login" duration-ms="13" started-at="2019-08-15T05:35:34Z" finished-at="2019-08-15T05:35:34Z">
          <reporter-output>
          </reporter-output>
        </test-method> <!-- test_login -->
        <test-method status="PASS" signature="test_logout()[pri:2, instance:testCases.Test1@5ae9a829]" name="test_logout" duration-ms="2" started-at="2019-08-15T05:35:34Z" finished-at="2019-08-15T05:35:34Z">
          <reporter-output>
          </reporter-output>
        </test-method> <!-- test_logout -->
      </class> <!-- testCases.Test1 -->
    </test> <!-- Test -->
  </suite> <!-- Suite -->
</testng-results>
